# JRE version: OpenJDK Runtime Environment (8.0_152-b01) (build 1.8.0_152-release-1024-b01)
# Java VM: OpenJDK 64-Bit Server VM (25.152-b01 mixed mode linux-amd64 compressed oops)
Heap:
 PSYoungGen      total 396800K, used 64K [0x00000000e0000000, 0x00000000f9300000, 0x0000000100000000)
  eden space 380928K, 0% used [0x00000000e0000000,0x00000000e0000000,0x00000000f7400000)
  from space 15872K, 0% used [0x00000000f7400000,0x00000000f7410000,0x00000000f8380000)
  to   space 11264K, 0% used [0x00000000f8800000,0x00000000f8800000,0x00000000f9300000)
 ParOldGen       total 83968K, used 67894K [0x00000000a0000000, 0x00000000a5200000, 0x00000000e0000000)
  object space 83968K, 80% used [0x00000000a0000000,0x00000000a424d830,0x00000000a5200000)
 Metaspace       used 76012K, capacity 79150K, committed 79448K, reserved 1118208K
  class space    used 9899K, capacity 10524K, committed 10624K, reserved 1048576K
GC Heap History (10 events):
Event: 67.603 GC heap after
Heap after GC invocations=33 (full 3):
 PSYoungGen      total 302592K, used 5464K [0x00000000e0000000, 0x00000000f3980000, 0x0000000100000000)
  eden space 289280K, 0% used [0x00000000e0000000,0x00000000e0000000,0x00000000f1a80000)
  from space 13312K, 41% used [0x00000000f2c80000,0x00000000f31d6280,0x00000000f3980000)
  to   space 15872K, 0% used [0x00000000f1a80000,0x00000000f1a80000,0x00000000f2a00000)
 ParOldGen       total 83968K, used 65334K [0x00000000a0000000, 0x00000000a5200000, 0x00000000e0000000)
  object space 83968K, 77% used [0x00000000a0000000,0x00000000a3fcda00,0x00000000a5200000)
 Metaspace       used 73764K, capacity 76446K, committed 76760K, reserved 1116160K
  class space    used 9616K, capacity 10168K, committed 10240K, reserved 1048576K
}
Event: 68.701 GC heap before
{Heap before GC invocations=34 (full 3):
 PSYoungGen      total 302592K, used 294744K [0x00000000e0000000, 0x00000000f3980000, 0x0000000100000000)
  eden space 289280K, 100% used [0x00000000e0000000,0x00000000f1a80000,0x00000000f1a80000)
  from space 13312K, 41% used [0x00000000f2c80000,0x00000000f31d6280,0x00000000f3980000)
  to   space 15872K, 0% used [0x00000000f1a80000,0x00000000f1a80000,0x00000000f2a00000)
 ParOldGen       total 83968K, used 65334K [0x00000000a0000000, 0x00000000a5200000, 0x00000000e0000000)
  object space 83968K, 77% used [0x00000000a0000000,0x00000000a3fcda00,0x00000000a5200000)
 Metaspace       used 73808K, capacity 76582K, committed 76760K, reserved 1116160K
  class space    used 9616K, capacity 10168K, committed 10240K, reserved 1048576K
Event: 68.713 GC heap after
Heap after GC invocations=34 (full 3):
 PSYoungGen      total 305152K, used 4553K [0x00000000e0000000, 0x00000000f6a80000, 0x0000000100000000)
  eden space 289280K, 0% used [0x00000000e0000000,0x00000000e0000000,0x00000000f1a80000)
  from space 15872K, 28% used [0x00000000f1a80000,0x00000000f1ef2410,0x00000000f2a00000)
  to   space 15360K, 0% used [0x00000000f5b80000,0x00000000f5b80000,0x00000000f6a80000)
 ParOldGen       total 83968K, used 65358K [0x00000000a0000000, 0x00000000a5200000, 0x00000000e0000000)
  object space 83968K, 77% used [0x00000000a0000000,0x00000000a3fd3a00,0x00000000a5200000)
 Metaspace       used 73808K, capacity 76582K, committed 76760K, reserved 1116160K
  class space    used 9616K, capacity 10168K, committed 10240K, reserved 1048576K
}
Event: 69.866 GC heap before
{Heap before GC invocations=35 (full 3):
 PSYoungGen      total 305152K, used 293833K [0x00000000e0000000, 0x00000000f6a80000, 0x0000000100000000)
  eden space 289280K, 100% used [0x00000000e0000000,0x00000000f1a80000,0x00000000f1a80000)
  from space 15872K, 28% used [0x00000000f1a80000,0x00000000f1ef2410,0x00000000f2a00000)
  to   space 15360K, 0% used [0x00000000f5b80000,0x00000000f5b80000,0x00000000f6a80000)
 ParOldGen       total 83968K, used 65358K [0x00000000a0000000, 0x00000000a5200000, 0x00000000e0000000)
  object space 83968K, 77% used [0x00000000a0000000,0x00000000a3fd3a00,0x00000000a5200000)
 Metaspace       used 73880K, capacity 76688K, committed 76760K, reserved 1116160K
  class space    used 9623K, capacity 10175K, committed 10240K, reserved 1048576K
Event: 69.882 GC heap after
Heap after GC invocations=35 (full 3):
 PSYoungGen      total 351744K, used 7260K [0x00000000e0000000, 0x00000000f6800000, 0x0000000100000000)
  eden space 338944K, 0% used [0x00000000e0000000,0x00000000e0000000,0x00000000f4b00000)
  from space 12800K, 56% used [0x00000000f5b80000,0x00000000f6297018,0x00000000f6800000)
  to   space 14848K, 0% used [0x00000000f4b00000,0x00000000f4b00000,0x00000000f5980000)
 ParOldGen       total 83968K, used 65382K [0x00000000a0000000, 0x00000000a5200000, 0x00000000e0000000)
  object space 83968K, 77% used [0x00000000a0000000,0x00000000a3fd9a00,0x00000000a5200000)
 Metaspace       used 73880K, capacity 76688K, committed 76760K, reserved 1116160K
  class space    used 9623K, capacity 10175K, committed 10240K, reserved 1048576K
}
Event: 74.341 GC heap before
{Heap before GC invocations=36 (full 3):
 PSYoungGen      total 351744K, used 346204K [0x00000000e0000000, 0x00000000f6800000, 0x0000000100000000)
  eden space 338944K, 100% used [0x00000000e0000000,0x00000000f4b00000,0x00000000f4b00000)
  from space 12800K, 56% used [0x00000000f5b80000,0x00000000f6297018,0x00000000f6800000)
  to   space 14848K, 0% used [0x00000000f4b00000,0x00000000f4b00000,0x00000000f5980000)
 ParOldGen       total 83968K, used 65382K [0x00000000a0000000, 0x00000000a5200000, 0x00000000e0000000)
  object space 83968K, 77% used [0x00000000a0000000,0x00000000a3fd9a00,0x00000000a5200000)
 Metaspace       used 74686K, capacity 77640K, committed 77912K, reserved 1116160K
  class space    used 9694K, capacity 10275K, committed 10368K, reserved 1048576K
Event: 74.380 GC heap after
Heap after GC invocations=36 (full 3):
 PSYoungGen      total 353792K, used 14481K [0x00000000e0000000, 0x00000000f9880000, 0x0000000100000000)
  eden space 338944K, 0% used [0x00000000e0000000,0x00000000e0000000,0x00000000f4b00000)
  from space 14848K, 97% used [0x00000000f4b00000,0x00000000f5924620,0x00000000f5980000)
  to   space 16896K, 0% used [0x00000000f8800000,0x00000000f8800000,0x00000000f9880000)
 ParOldGen       total 83968K, used 65414K [0x00000000a0000000, 0x00000000a5200000, 0x00000000e0000000)
  object space 83968K, 77% used [0x00000000a0000000,0x00000000a3fe1a00,0x00000000a5200000)
 Metaspace       used 74686K, capacity 77640K, committed 77912K, reserved 1116160K
  class space    used 9694K, capacity 10275K, committed 10368K, reserved 1048576K
}
Event: 84.879 GC heap before
{Heap before GC invocations=37 (full 3):
 PSYoungGen      total 353792K, used 352995K [0x00000000e0000000, 0x00000000f9880000, 0x0000000100000000)
  eden space 338944K, 99% used [0x00000000e0000000,0x00000000f4a94988,0x00000000f4b00000)
  from space 14848K, 97% used [0x00000000f4b00000,0x00000000f5924620,0x00000000f5980000)
  to   space 16896K, 0% used [0x00000000f8800000,0x00000000f8800000,0x00000000f9880000)
 ParOldGen       total 83968K, used 65414K [0x00000000a0000000, 0x00000000a5200000, 0x00000000e0000000)
  object space 83968K, 77% used [0x00000000a0000000,0x00000000a3fe1a00,0x00000000a5200000)
 Metaspace       used 75999K, capacity 79150K, committed 79448K, reserved 1118208K
  class space    used 9899K, capacity 10524K, committed 10624K, reserved 1048576K
Event: 84.973 GC heap after
Heap after GC invocations=37 (full 3):
 PSYoungGen      total 392192K, used 6668K [0x00000000e0000000, 0x00000000f9300000, 0x0000000100000000)
  eden space 380928K, 0% used [0x00000000e0000000,0x00000000e0000000,0x00000000f7400000)
  from space 11264K, 59% used [0x00000000f8800000,0x00000000f8e833e8,0x00000000f9300000)
  to   space 15872K, 0% used [0x00000000f7400000,0x00000000f7400000,0x00000000f8380000)
 ParOldGen       total 83968K, used 65894K [0x00000000a0000000, 0x00000000a5200000, 0x00000000e0000000)
  object space 83968K, 78% used [0x00000000a0000000,0x00000000a4059a10,0x00000000a5200000)
 Metaspace       used 75999K, capacity 79150K, committed 79448K, reserved 1118208K
  class space    used 9899K, capacity 10524K, committed 10624K, reserved 1048576K
}
Event: 85.097 GC heap before
{Heap before GC invocations=38 (full 3):
 PSYoungGen      total 392192K, used 387531K [0x00000000e0000000, 0x00000000f9300000, 0x0000000100000000)
  eden space 380928K, 99% used [0x00000000e0000000,0x00000000f73efa28,0x00000000f7400000)
  from space 11264K, 59% used [0x00000000f8800000,0x00000000f8e833e8,0x00000000f9300000)
  to   space 15872K, 0% used [0x00000000f7400000,0x00000000f7400000,0x00000000f8380000)
 ParOldGen       total 83968K, used 65894K [0x00000000a0000000, 0x00000000a5200000, 0x00000000e0000000)
  object space 83968K, 78% used [0x00000000a0000000,0x00000000a4059a10,0x00000000a5200000)
 Metaspace       used 76012K, capacity 79150K, committed 79448K, reserved 1118208K
  class space    used 9899K, capacity 10524K, committed 10624K, reserved 1048576K

