# JRE version: OpenJDK Runtime Environment (8.0_152-b01) (build 1.8.0_152-release-1024-b01)
# Java VM: OpenJDK 64-Bit Server VM (25.152-b01 mixed mode linux-amd64 compressed oops)
Heap:
 PSYoungGen      total 365568K, used 37395K [0x00000000e0000000, 0x00000000fbf80000, 0x0000000100000000)
  eden space 310272K, 0% used [0x00000000e0000000,0x00000000e0000000,0x00000000f2f00000)
  from space 55296K, 67% used [0x00000000f8980000,0x00000000fae04f38,0x00000000fbf80000)
  to   space 50176K, 0% used [0x00000000f2f00000,0x00000000f2f00000,0x00000000f6000000)
 ParOldGen       total 89088K, used 61896K [0x00000000a0000000, 0x00000000a5700000, 0x00000000e0000000)
  object space 89088K, 69% used [0x00000000a0000000,0x00000000a3c720a8,0x00000000a5700000)
 Metaspace       used 88586K, capacity 92214K, committed 92544K, reserved 1130496K
  class space    used 11295K, capacity 12076K, committed 12160K, reserved 1048576K
GC Heap History (10 events):
Event: 572.395 GC heap after
Heap after GC invocations=18 (full 3):
 PSYoungGen      total 259072K, used 31220K [0x00000000e0000000, 0x00000000f6100000, 0x0000000100000000)
  eden space 227840K, 0% used [0x00000000e0000000,0x00000000e0000000,0x00000000ede80000)
  from space 31232K, 99% used [0x00000000ede80000,0x00000000efcfd278,0x00000000efd00000)
  to   space 38912K, 0% used [0x00000000f3b00000,0x00000000f3b00000,0x00000000f6100000)
 ParOldGen       total 89088K, used 44002K [0x00000000a0000000, 0x00000000a5700000, 0x00000000e0000000)
  object space 89088K, 49% used [0x00000000a0000000,0x00000000a2af8930,0x00000000a5700000)
 Metaspace       used 72782K, capacity 75420K, committed 75648K, reserved 1114112K
  class space    used 9420K, capacity 10063K, committed 10112K, reserved 1048576K
}
Event: 592.734 GC heap before
{Heap before GC invocations=19 (full 3):
 PSYoungGen      total 259072K, used 259060K [0x00000000e0000000, 0x00000000f6100000, 0x0000000100000000)
  eden space 227840K, 100% used [0x00000000e0000000,0x00000000ede80000,0x00000000ede80000)
  from space 31232K, 99% used [0x00000000ede80000,0x00000000efcfd278,0x00000000efd00000)
  to   space 38912K, 0% used [0x00000000f3b00000,0x00000000f3b00000,0x00000000f6100000)
 ParOldGen       total 89088K, used 44002K [0x00000000a0000000, 0x00000000a5700000, 0x00000000e0000000)
  object space 89088K, 49% used [0x00000000a0000000,0x00000000a2af8930,0x00000000a5700000)
 Metaspace       used 73133K, capacity 75916K, committed 76160K, reserved 1116160K
  class space    used 9461K, capacity 10109K, committed 10112K, reserved 1048576K
Event: 592.804 GC heap after
Heap after GC invocations=19 (full 3):
 PSYoungGen      total 317440K, used 31320K [0x00000000e0000000, 0x00000000f6300000, 0x0000000100000000)
  eden space 278528K, 0% used [0x00000000e0000000,0x00000000e0000000,0x00000000f1000000)
  from space 38912K, 80% used [0x00000000f3b00000,0x00000000f5996278,0x00000000f6100000)
  to   space 42496K, 0% used [0x00000000f1000000,0x00000000f1000000,0x00000000f3980000)
 ParOldGen       total 89088K, used 44010K [0x00000000a0000000, 0x00000000a5700000, 0x00000000e0000000)
  object space 89088K, 49% used [0x00000000a0000000,0x00000000a2afa930,0x00000000a5700000)
 Metaspace       used 73133K, capacity 75916K, committed 76160K, reserved 1116160K
  class space    used 9461K, capacity 10109K, committed 10112K, reserved 1048576K
}
Event: 748.564 GC heap before
{Heap before GC invocations=20 (full 3):
 PSYoungGen      total 317440K, used 309848K [0x00000000e0000000, 0x00000000f6300000, 0x0000000100000000)
  eden space 278528K, 100% used [0x00000000e0000000,0x00000000f1000000,0x00000000f1000000)
  from space 38912K, 80% used [0x00000000f3b00000,0x00000000f5996278,0x00000000f6100000)
  to   space 42496K, 0% used [0x00000000f1000000,0x00000000f1000000,0x00000000f3980000)
 ParOldGen       total 89088K, used 44010K [0x00000000a0000000, 0x00000000a5700000, 0x00000000e0000000)
  object space 89088K, 49% used [0x00000000a0000000,0x00000000a2afa930,0x00000000a5700000)
 Metaspace       used 78468K, capacity 81174K, committed 81408K, reserved 1120256K
  class space    used 10079K, capacity 10708K, committed 10752K, reserved 1048576K
Event: 748.697 GC heap after
Heap after GC invocations=20 (full 3):
 PSYoungGen      total 321024K, used 42470K [0x00000000e0000000, 0x00000000f9480000, 0x0000000100000000)
  eden space 278528K, 0% used [0x00000000e0000000,0x00000000e0000000,0x00000000f1000000)
  from space 42496K, 99% used [0x00000000f1000000,0x00000000f3979970,0x00000000f3980000)
  to   space 50176K, 0% used [0x00000000f6380000,0x00000000f6380000,0x00000000f9480000)
 ParOldGen       total 89088K, used 45585K [0x00000000a0000000, 0x00000000a5700000, 0x00000000e0000000)
  object space 89088K, 51% used [0x00000000a0000000,0x00000000a2c84530,0x00000000a5700000)
 Metaspace       used 78468K, capacity 81174K, committed 81408K, reserved 1120256K
  class space    used 10079K, capacity 10708K, committed 10752K, reserved 1048576K
}
Event: 789.334 GC heap before
{Heap before GC invocations=21 (full 3):
 PSYoungGen      total 321024K, used 320998K [0x00000000e0000000, 0x00000000f9480000, 0x0000000100000000)
  eden space 278528K, 100% used [0x00000000e0000000,0x00000000f1000000,0x00000000f1000000)
  from space 42496K, 99% used [0x00000000f1000000,0x00000000f3979970,0x00000000f3980000)
  to   space 50176K, 0% used [0x00000000f6380000,0x00000000f6380000,0x00000000f9480000)
 ParOldGen       total 89088K, used 45585K [0x00000000a0000000, 0x00000000a5700000, 0x00000000e0000000)
  object space 89088K, 51% used [0x00000000a0000000,0x00000000a2c84530,0x00000000a5700000)
 Metaspace       used 79557K, capacity 82280K, committed 82432K, reserved 1120256K
  class space    used 10121K, capacity 10747K, committed 10752K, reserved 1048576K
Event: 789.458 GC heap after
Heap after GC invocations=21 (full 3):
 PSYoungGen      total 356864K, used 28087K [0x00000000e0000000, 0x00000000f9100000, 0x0000000100000000)
  eden space 310272K, 0% used [0x00000000e0000000,0x00000000e0000000,0x00000000f2f00000)
  from space 46592K, 60% used [0x00000000f6380000,0x00000000f7eede80,0x00000000f9100000)
  to   space 50176K, 0% used [0x00000000f2f00000,0x00000000f2f00000,0x00000000f6000000)
 ParOldGen       total 89088K, used 61880K [0x00000000a0000000, 0x00000000a5700000, 0x00000000e0000000)
  object space 89088K, 69% used [0x00000000a0000000,0x00000000a3c6e0a8,0x00000000a5700000)
 Metaspace       used 79557K, capacity 82280K, committed 82432K, reserved 1120256K
  class space    used 10121K, capacity 10747K, committed 10752K, reserved 1048576K
}
Event: 802.441 GC heap before
{Heap before GC invocations=22 (full 3):
 PSYoungGen      total 356864K, used 338359K [0x00000000e0000000, 0x00000000f9100000, 0x0000000100000000)
  eden space 310272K, 100% used [0x00000000e0000000,0x00000000f2f00000,0x00000000f2f00000)
  from space 46592K, 60% used [0x00000000f6380000,0x00000000f7eede80,0x00000000f9100000)
  to   space 50176K, 0% used [0x00000000f2f00000,0x00000000f2f00000,0x00000000f6000000)
 ParOldGen       total 89088K, used 61880K [0x00000000a0000000, 0x00000000a5700000, 0x00000000e0000000)
  object space 89088K, 69% used [0x00000000a0000000,0x00000000a3c6e0a8,0x00000000a5700000)
 Metaspace       used 88268K, capacity 91950K, committed 92288K, reserved 1130496K
  class space    used 11284K, capacity 12076K, committed 12160K, reserved 1048576K
Event: 802.521 GC heap after
Heap after GC invocations=22 (full 3):
 PSYoungGen      total 360448K, used 42687K [0x00000000e0000000, 0x00000000fbf80000, 0x0000000100000000)
  eden space 310272K, 0% used [0x00000000e0000000,0x00000000e0000000,0x00000000f2f00000)
  from space 50176K, 85% used [0x00000000f2f00000,0x00000000f58afc40,0x00000000f6000000)
  to   space 55296K, 0% used [0x00000000f8980000,0x00000000f8980000,0x00000000fbf80000)
 ParOldGen       total 89088K, used 61888K [0x00000000a0000000, 0x00000000a5700000, 0x00000000e0000000)
  object space 89088K, 69% used [0x00000000a0000000,0x00000000a3c700a8,0x00000000a5700000)
 Metaspace       used 88268K, capacity 91950K, committed 92288K, reserved 1130496K
  class space    used 11284K, capacity 12076K, committed 12160K, reserved 1048576K
}
Event: 804.317 GC heap before
{Heap before GC invocations=23 (full 3):
 PSYoungGen      total 360448K, used 352959K [0x00000000e0000000, 0x00000000fbf80000, 0x0000000100000000)
  eden space 310272K, 100% used [0x00000000e0000000,0x00000000f2f00000,0x00000000f2f00000)
  from space 50176K, 85% used [0x00000000f2f00000,0x00000000f58afc40,0x00000000f6000000)
  to   space 55296K, 0% used [0x00000000f8980000,0x00000000f8980000,0x00000000fbf80000)
 ParOldGen       total 89088K, used 61888K [0x00000000a0000000, 0x00000000a5700000, 0x00000000e0000000)
  object space 89088K, 69% used [0x00000000a0000000,0x00000000a3c700a8,0x00000000a5700000)
 Metaspace       used 88586K, capacity 92214K, committed 92544K, reserved 1130496K
  class space    used 11295K, capacity 12076K, committed 12160K, reserved 1048576K

